<?xml version="1.0" encoding="UTF-8"?>
<testng-results skipped="0" failed="0" total="1" passed="1">
  <reporter-output>
  </reporter-output>
  <suite name="Default suite" duration-ms="32707" started-at="2016-09-13T07:10:52Z" finished-at="2016-09-13T07:11:25Z">
    <groups>
    </groups>
    <test name="Default test" duration-ms="32707" started-at="2016-09-13T07:10:52Z" finished-at="2016-09-13T07:11:25Z">
      <class name="com.test.KayakAuto">
        <test-method status="PASS" signature="FlightBooking()[pri:0, instance:com.test.KayakAuto@4590c9c3]" name="FlightBooking" duration-ms="32685" started-at="2016-09-13T00:10:52Z" finished-at="2016-09-13T00:11:25Z">
          <reporter-output>
          </reporter-output>
        </test-method> <!-- FlightBooking -->
      </class> <!-- com.test.KayakAuto -->
    </test> <!-- Default test -->
  </suite> <!-- Default suite -->
</testng-results>
